Start testing: Sep 28 22:49 CDT
----------------------------------------------------------
1/1 Testing: SimpleChat_All_Tests
1/1 Test: SimpleChat_All_Tests
Command: "/Users/rajnipawar19/Desktop/IIT C/CS 550 AOS/SimpleChat/test_build/tests/SimpleChat_Tests"
Directory: /Users/rajnipawar19/Desktop/IIT C/CS 550 AOS/SimpleChat/test_build/tests
"SimpleChat_All_Tests" start time: Sep 28 22:49 CDT
Output:
----------------------------------------------------------
Running main() from /private/tmp/googletest-20250808-4780-aa0gxy/googletest-1.17.0/googletest/src/gtest_main.cc
[==========] Running 17 tests from 1 test suite.
[----------] Global test environment set-up.
[----------] 17 tests from SimpleTest
[ RUN      ] SimpleTest.CreateValidMessage
[       OK ] SimpleTest.CreateValidMessage (0 ms)
[ RUN      ] SimpleTest.EmptyMessageContent
[       OK ] SimpleTest.EmptyMessageContent (0 ms)
[ RUN      ] SimpleTest.ZeroSequenceNumber
[       OK ] SimpleTest.ZeroSequenceNumber (0 ms)
[ RUN      ] SimpleTest.MessageSerialization
[       OK ] SimpleTest.MessageSerialization (0 ms)
[ RUN      ] SimpleTest.MessageDeserialization
[       OK ] SimpleTest.MessageDeserialization (0 ms)
[ RUN      ] SimpleTest.InvalidNodeIds
[       OK ] SimpleTest.InvalidNodeIds (0 ms)
[ RUN      ] SimpleTest.LongMessage
[       OK ] SimpleTest.LongMessage (0 ms)
[ RUN      ] SimpleTest.SpecialCharactersInMessage
[       OK ] SimpleTest.SpecialCharactersInMessage (0 ms)
[ RUN      ] SimpleTest.MultiLineMessage
[       OK ] SimpleTest.MultiLineMessage (0 ms)
[ RUN      ] SimpleTest.NegativeSequenceNumber
[       OK ] SimpleTest.NegativeSequenceNumber (0 ms)
[ RUN      ] SimpleTest.MessageSetters
[       OK ] SimpleTest.MessageSetters (0 ms)
[ RUN      ] SimpleTest.DefaultConstructor
[       OK ] SimpleTest.DefaultConstructor (0 ms)
[ RUN      ] SimpleTest.LargeSequenceNumber
[       OK ] SimpleTest.LargeSequenceNumber (0 ms)
[ RUN      ] SimpleTest.SerializationRoundTrip
[       OK ] SimpleTest.SerializationRoundTrip (0 ms)
[ RUN      ] SimpleTest.WhitespaceOnlyContent
[       OK ] SimpleTest.WhitespaceOnlyContent (0 ms)
[ RUN      ] SimpleTest.EmptyVariantMapDeserialization
[       OK ] SimpleTest.EmptyVariantMapDeserialization (0 ms)
[ RUN      ] SimpleTest.BasicPass
[       OK ] SimpleTest.BasicPass (0 ms)
[----------] 17 tests from SimpleTest (0 ms total)

[----------] Global test environment tear-down
[==========] 17 tests from 1 test suite ran. (0 ms total)
[  PASSED  ] 17 tests.
<end of output>
Test time =   0.22 sec
----------------------------------------------------------
Test Passed.
"SimpleChat_All_Tests" end time: Sep 28 22:49 CDT
"SimpleChat_All_Tests" time elapsed: 00:00:00
----------------------------------------------------------

End testing: Sep 28 22:49 CDT
